# JRE version: 7.0_25-b30
# Java VM: OpenJDK 64-Bit Server VM (23.7-b01 mixed mode linux-amd64 compressed oops)
Heap
 PSYoungGen      total 27392K, used 6629K [0x00000000e1600000, 0x00000000e3490000, 0x0000000100000000)
  eden space 23488K, 11% used [0x00000000e1600000,0x00000000e18ac978,0x00000000e2cf0000)
  from space 3904K, 99% used [0x00000000e30c0000,0x00000000e348cd60,0x00000000e3490000)
  to   space 3904K, 0% used [0x00000000e2cf0000,0x00000000e2cf0000,0x00000000e30c0000)
 ParOldGen       total 62720K, used 2183K [0x00000000a4200000, 0x00000000a7f40000, 0x00000000e1600000)
  object space 62720K, 3% used [0x00000000a4200000,0x00000000a4421d38,0x00000000a7f40000)
 PSPermGen       total 22208K, used 22174K [0x0000000099c00000, 0x000000009b1b0000, 0x00000000a4200000)
  object space 22208K, 99% used [0x0000000099c00000,0x000000009b1a79b8,0x000000009b1b0000)
GC Heap History (4 events):
Event: 0.801 GC heap before
{Heap before GC invocations=1 (full 0):
 PSYoungGen      total 27392K, used 23488K [0x00000000e1600000, 0x00000000e3490000, 0x0000000100000000)
  eden space 23488K, 100% used [0x00000000e1600000,0x00000000e2cf0000,0x00000000e2cf0000)
  from space 3904K, 0% used [0x00000000e30c0000,0x00000000e30c0000,0x00000000e3490000)
  to   space 3904K, 0% used [0x00000000e2cf0000,0x00000000e2cf0000,0x00000000e30c0000)
 ParOldGen       total 62720K, used 0K [0x00000000a4200000, 0x00000000a7f40000, 0x00000000e1600000)
  object space 62720K, 0% used [0x00000000a4200000,0x00000000a4200000,0x00000000a7f40000)
 PSPermGen       total 21248K, used 17208K [0x0000000099c00000, 0x000000009b0c0000, 0x00000000a4200000)
  object space 21248K, 80% used [0x0000000099c00000,0x000000009acce068,0x000000009b0c0000)
Event: 0.808 GC heap after
Heap after GC invocations=1 (full 0):
 PSYoungGen      total 27392K, used 3889K [0x00000000e1600000, 0x00000000e3490000, 0x0000000100000000)
  eden space 23488K, 0% used [0x00000000e1600000,0x00000000e1600000,0x00000000e2cf0000)
  from space 3904K, 99% used [0x00000000e2cf0000,0x00000000e30bc6e8,0x00000000e30c0000)
  to   space 3904K, 0% used [0x00000000e30c0000,0x00000000e30c0000,0x00000000e3490000)
 ParOldGen       total 62720K, used 792K [0x00000000a4200000, 0x00000000a7f40000, 0x00000000e1600000)
  object space 62720K, 1% used [0x00000000a4200000,0x00000000a42c6018,0x00000000a7f40000)
 PSPermGen       total 21248K, used 17208K [0x0000000099c00000, 0x000000009b0c0000, 0x00000000a4200000)
  object space 21248K, 80% used [0x0000000099c00000,0x000000009acce068,0x000000009b0c0000)
}
Event: 6.597 GC heap before
{Heap before GC invocations=2 (full 0):
 PSYoungGen      total 27392K, used 27377K [0x00000000e1600000, 0x00000000e3490000, 0x0000000100000000)
  eden space 23488K, 100% used [0x00000000e1600000,0x00000000e2cf0000,0x00000000e2cf0000)
  from space 3904K, 99% used [0x00000000e2cf0000,0x00000000e30bc6e8,0x00000000e30c0000)
  to   space 3904K, 0% used [0x00000000e30c0000,0x00000000e30c0000,0x00000000e3490000)
 ParOldGen       total 62720K, used 792K [0x00000000a4200000, 0x00000000a7f40000, 0x00000000e1600000)
  object space 62720K, 1% used [0x00000000a4200000,0x00000000a42c6018,0x00000000a7f40000)
 PSPermGen       total 22208K, used 22064K [0x0000000099c00000, 0x000000009b1b0000, 0x00000000a4200000)
  object space 22208K, 99% used [0x0000000099c00000,0x000000009b18c350,0x000000009b1b0000)
Event: 6.607 GC heap after
Heap after GC invocations=2 (full 0):
 PSYoungGen      total 27392K, used 3891K [0x00000000e1600000, 0x00000000e3490000, 0x0000000100000000)
  eden space 23488K, 0% used [0x00000000e1600000,0x00000000e1600000,0x00000000e2cf0000)
  from space 3904K, 99% used [0x00000000e30c0000,0x00000000e348cd60,0x00000000e3490000)
  to   space 3904K, 0% used [0x00000000e2cf0000,0x00000000e2cf0000,0x00000000e30c0000)
 ParOldGen       total 62720K, used 2183K [0x00000000a4200000, 0x00000000a7f40000, 0x00000000e1600000)
  object space 62720K, 3% used [0x00000000a4200000,0x00000000a4421d38,0x00000000a7f40000)
 PSPermGen       total 22208K, used 22064K [0x0000000099c00000, 0x000000009b1b0000, 0x00000000a4200000)
  object space 22208K, 99% used [0x0000000099c00000,0x000000009b18c350,0x000000009b1b0000)
}

