# JRE version: 7.0_25-b30
# Java VM: OpenJDK 64-Bit Server VM (23.7-b01 mixed mode linux-amd64 compressed oops)
Heap
 PSYoungGen      total 8896K, used 2665K [0x00000000e1600000, 0x00000000e1f40000, 0x0000000100000000)
  eden space 8832K, 29% used [0x00000000e1600000,0x00000000e188a4e0,0x00000000e1ea0000)
  from space 64K, 100% used [0x00000000e1eb0000,0x00000000e1ec0000,0x00000000e1ec0000)
  to   space 320K, 0% used [0x00000000e1ef0000,0x00000000e1ef0000,0x00000000e1f40000)
 ParOldGen       total 62720K, used 9903K [0x00000000a4200000, 0x00000000a7f40000, 0x00000000e1600000)
  object space 62720K, 15% used [0x00000000a4200000,0x00000000a4babfe0,0x00000000a7f40000)
 PSPermGen       total 24128K, used 23950K [0x0000000099c00000, 0x000000009b390000, 0x00000000a4200000)
  object space 24128K, 99% used [0x0000000099c00000,0x000000009b363820,0x000000009b390000)
GC Heap History (10 events):
Event: 191.998 GC heap before
{Heap before GC invocations=61 (full 0):
 PSYoungGen      total 9536K, used 9344K [0x00000000e1600000, 0x00000000e1fd0000, 0x0000000100000000)
  eden space 9280K, 100% used [0x00000000e1600000,0x00000000e1f10000,0x00000000e1f10000)
  from space 256K, 25% used [0x00000000e1f90000,0x00000000e1fa0000,0x00000000e1fd0000)
  to   space 384K, 0% used [0x00000000e1f10000,0x00000000e1f10000,0x00000000e1f70000)
 ParOldGen       total 62720K, used 9903K [0x00000000a4200000, 0x00000000a7f40000, 0x00000000e1600000)
  object space 62720K, 15% used [0x00000000a4200000,0x00000000a4babfe0,0x00000000a7f40000)
 PSPermGen       total 24128K, used 23946K [0x0000000099c00000, 0x000000009b390000, 0x00000000a4200000)
  object space 24128K, 99% used [0x0000000099c00000,0x000000009b362b80,0x000000009b390000)
Event: 191.998 GC heap after
Heap after GC invocations=61 (full 0):
 PSYoungGen      total 9280K, used 96K [0x00000000e1600000, 0x00000000e1fb0000, 0x0000000100000000)
  eden space 9152K, 0% used [0x00000000e1600000,0x00000000e1600000,0x00000000e1ef0000)
  from space 128K, 75% used [0x00000000e1f10000,0x00000000e1f28000,0x00000000e1f30000)
  to   space 384K, 0% used [0x00000000e1f50000,0x00000000e1f50000,0x00000000e1fb0000)
 ParOldGen       total 62720K, used 9903K [0x00000000a4200000, 0x00000000a7f40000, 0x00000000e1600000)
  object space 62720K, 15% used [0x00000000a4200000,0x00000000a4babfe0,0x00000000a7f40000)
 PSPermGen       total 24128K, used 23946K [0x0000000099c00000, 0x000000009b390000, 0x00000000a4200000)
  object space 24128K, 99% used [0x0000000099c00000,0x000000009b362b80,0x000000009b390000)
}
Event: 193.897 GC heap before
{Heap before GC invocations=62 (full 0):
 PSYoungGen      total 9280K, used 9248K [0x00000000e1600000, 0x00000000e1fb0000, 0x0000000100000000)
  eden space 9152K, 100% used [0x00000000e1600000,0x00000000e1ef0000,0x00000000e1ef0000)
  from space 128K, 75% used [0x00000000e1f10000,0x00000000e1f28000,0x00000000e1f30000)
  to   space 384K, 0% used [0x00000000e1f50000,0x00000000e1f50000,0x00000000e1fb0000)
 ParOldGen       total 62720K, used 9903K [0x00000000a4200000, 0x00000000a7f40000, 0x00000000e1600000)
  object space 62720K, 15% used [0x00000000a4200000,0x00000000a4babfe0,0x00000000a7f40000)
 PSPermGen       total 24128K, used 23946K [0x0000000099c00000, 0x000000009b390000, 0x00000000a4200000)
  object space 24128K, 99% used [0x0000000099c00000,0x000000009b362b80,0x000000009b390000)
Event: 193.898 GC heap after
Heap after GC invocations=62 (full 0):
 PSYoungGen      total 9152K, used 96K [0x00000000e1600000, 0x00000000e1f70000, 0x0000000100000000)
  eden space 9024K, 0% used [0x00000000e1600000,0x00000000e1600000,0x00000000e1ed0000)
  from space 128K, 75% used [0x00000000e1f50000,0x00000000e1f68000,0x00000000e1f70000)
  to   space 320K, 0% used [0x00000000e1ed0000,0x00000000e1ed0000,0x00000000e1f20000)
 ParOldGen       total 62720K, used 9903K [0x00000000a4200000, 0x00000000a7f40000, 0x00000000e1600000)
  object space 62720K, 15% used [0x00000000a4200000,0x00000000a4babfe0,0x00000000a7f40000)
 PSPermGen       total 24128K, used 23946K [0x0000000099c00000, 0x000000009b390000, 0x00000000a4200000)
  object space 24128K, 99% used [0x0000000099c00000,0x000000009b362b80,0x000000009b390000)
}
Event: 196.317 GC heap before
{Heap before GC invocations=63 (full 0):
 PSYoungGen      total 9152K, used 9120K [0x00000000e1600000, 0x00000000e1f70000, 0x0000000100000000)
  eden space 9024K, 100% used [0x00000000e1600000,0x00000000e1ed0000,0x00000000e1ed0000)
  from space 128K, 75% used [0x00000000e1f50000,0x00000000e1f68000,0x00000000e1f70000)
  to   space 320K, 0% used [0x00000000e1ed0000,0x00000000e1ed0000,0x00000000e1f20000)
 ParOldGen       total 62720K, used 9903K [0x00000000a4200000, 0x00000000a7f40000, 0x00000000e1600000)
  object space 62720K, 15% used [0x00000000a4200000,0x00000000a4babfe0,0x00000000a7f40000)
 PSPermGen       total 24128K, used 23946K [0x0000000099c00000, 0x000000009b390000, 0x00000000a4200000)
  object space 24128K, 99% used [0x0000000099c00000,0x000000009b362b80,0x000000009b390000)
Event: 196.318 GC heap after
Heap after GC invocations=63 (full 0):
 PSYoungGen      total 9024K, used 64K [0x00000000e1600000, 0x00000000e1f60000, 0x0000000100000000)
  eden space 8960K, 0% used [0x00000000e1600000,0x00000000e1600000,0x00000000e1ec0000)
  from space 64K, 100% used [0x00000000e1ed0000,0x00000000e1ee0000,0x00000000e1ee0000)
  to   space 320K, 0% used [0x00000000e1f10000,0x00000000e1f10000,0x00000000e1f60000)
 ParOldGen       total 62720K, used 9903K [0x00000000a4200000, 0x00000000a7f40000, 0x00000000e1600000)
  object space 62720K, 15% used [0x00000000a4200000,0x00000000a4babfe0,0x00000000a7f40000)
 PSPermGen       total 24128K, used 23946K [0x0000000099c00000, 0x000000009b390000, 0x00000000a4200000)
  object space 24128K, 99% used [0x0000000099c00000,0x000000009b362b80,0x000000009b390000)
}
Event: 198.147 GC heap before
{Heap before GC invocations=64 (full 0):
 PSYoungGen      total 9024K, used 9024K [0x00000000e1600000, 0x00000000e1f60000, 0x0000000100000000)
  eden space 8960K, 100% used [0x00000000e1600000,0x00000000e1ec0000,0x00000000e1ec0000)
  from space 64K, 100% used [0x00000000e1ed0000,0x00000000e1ee0000,0x00000000e1ee0000)
  to   space 320K, 0% used [0x00000000e1f10000,0x00000000e1f10000,0x00000000e1f60000)
 ParOldGen       total 62720K, used 9903K [0x00000000a4200000, 0x00000000a7f40000, 0x00000000e1600000)
  object space 62720K, 15% used [0x00000000a4200000,0x00000000a4babfe0,0x00000000a7f40000)
 PSPermGen       total 24128K, used 23946K [0x0000000099c00000, 0x000000009b390000, 0x00000000a4200000)
  object space 24128K, 99% used [0x0000000099c00000,0x000000009b362b80,0x000000009b390000)
Event: 198.148 GC heap after
Heap after GC invocations=64 (full 0):
 PSYoungGen      total 9152K, used 64K [0x00000000e1600000, 0x00000000e1f50000, 0x0000000100000000)
  eden space 8896K, 0% used [0x00000000e1600000,0x00000000e1600000,0x00000000e1eb0000)
  from space 256K, 25% used [0x00000000e1f10000,0x00000000e1f20000,0x00000000e1f50000)
  to   space 320K, 0% used [0x00000000e1eb0000,0x00000000e1eb0000,0x00000000e1f00000)
 ParOldGen       total 62720K, used 9903K [0x00000000a4200000, 0x00000000a7f40000, 0x00000000e1600000)
  object space 62720K, 15% used [0x00000000a4200000,0x00000000a4babfe0,0x00000000a7f40000)
 PSPermGen       total 24128K, used 23946K [0x0000000099c00000, 0x000000009b390000, 0x00000000a4200000)
  object space 24128K, 99% used [0x0000000099c00000,0x000000009b362b80,0x000000009b390000)
}
Event: 200.041 GC heap before
{Heap before GC invocations=65 (full 0):
 PSYoungGen      total 9152K, used 8960K [0x00000000e1600000, 0x00000000e1f50000, 0x0000000100000000)
  eden space 8896K, 100% used [0x00000000e1600000,0x00000000e1eb0000,0x00000000e1eb0000)
  from space 256K, 25% used [0x00000000e1f10000,0x00000000e1f20000,0x00000000e1f50000)
  to   space 320K, 0% used [0x00000000e1eb0000,0x00000000e1eb0000,0x00000000e1f00000)
 ParOldGen       total 62720K, used 9903K [0x00000000a4200000, 0x00000000a7f40000, 0x00000000e1600000)
  object space 62720K, 15% used [0x00000000a4200000,0x00000000a4babfe0,0x00000000a7f40000)
 PSPermGen       total 24128K, used 23946K [0x0000000099c00000, 0x000000009b390000, 0x00000000a4200000)
  object space 24128K, 99% used [0x0000000099c00000,0x000000009b362b80,0x000000009b390000)
Event: 200.041 GC heap after
Heap after GC invocations=65 (full 0):
 PSYoungGen      total 8896K, used 64K [0x00000000e1600000, 0x00000000e1f40000, 0x0000000100000000)
  eden space 8832K, 0% used [0x00000000e1600000,0x00000000e1600000,0x00000000e1ea0000)
  from space 64K, 100% used [0x00000000e1eb0000,0x00000000e1ec0000,0x00000000e1ec0000)
  to   space 320K, 0% used [0x00000000e1ef0000,0x00000000e1ef0000,0x00000000e1f40000)
 ParOldGen       total 62720K, used 9903K [0x00000000a4200000, 0x00000000a7f40000, 0x00000000e1600000)
  object space 62720K, 15% used [0x00000000a4200000,0x00000000a4babfe0,0x00000000a7f40000)
 PSPermGen       total 24128K, used 23946K [0x0000000099c00000, 0x000000009b390000, 0x00000000a4200000)
  object space 24128K, 99% used [0x0000000099c00000,0x000000009b362b80,0x000000009b390000)
}

