# JRE version: 7.0_25-b30
# Java VM: OpenJDK 64-Bit Server VM (23.7-b01 mixed mode linux-amd64 compressed oops)
Heap
 PSYoungGen      total 13440K, used 1390K [0x00000000e1600000, 0x00000000e2800000, 0x0000000100000000)
  eden space 13312K, 9% used [0x00000000e1600000,0x00000000e1743898,0x00000000e2300000)
  from space 128K, 75% used [0x00000000e2330000,0x00000000e2348000,0x00000000e2350000)
  to   space 2560K, 0% used [0x00000000e2580000,0x00000000e2580000,0x00000000e2800000)
 ParOldGen       total 62720K, used 9872K [0x00000000a4200000, 0x00000000a7f40000, 0x00000000e1600000)
  object space 62720K, 15% used [0x00000000a4200000,0x00000000a4ba43b8,0x00000000a7f40000)
 PSPermGen       total 22976K, used 22923K [0x0000000099c00000, 0x000000009b270000, 0x00000000a4200000)
  object space 22976K, 99% used [0x0000000099c00000,0x000000009b262d90,0x000000009b270000)
GC Heap History (10 events):
Event: 116.264 GC heap before
{Heap before GC invocations=29 (full 0):
 PSYoungGen      total 17664K, used 14560K [0x00000000e1600000, 0x00000000e2b40000, 0x0000000100000000)
  eden space 14464K, 100% used [0x00000000e1600000,0x00000000e2420000,0x00000000e2420000)
  from space 3200K, 3% used [0x00000000e2820000,0x00000000e2838000,0x00000000e2b40000)
  to   space 3648K, 0% used [0x00000000e2420000,0x00000000e2420000,0x00000000e27b0000)
 ParOldGen       total 62720K, used 9872K [0x00000000a4200000, 0x00000000a7f40000, 0x00000000e1600000)
  object space 62720K, 15% used [0x00000000a4200000,0x00000000a4ba43b8,0x00000000a7f40000)
 PSPermGen       total 22976K, used 22920K [0x0000000099c00000, 0x000000009b270000, 0x00000000a4200000)
  object space 22976K, 99% used [0x0000000099c00000,0x000000009b262280,0x000000009b270000)
Event: 116.265 GC heap after
Heap after GC invocations=29 (full 0):
 PSYoungGen      total 14272K, used 64K [0x00000000e1600000, 0x00000000e2a80000, 0x0000000100000000)
  eden space 14208K, 0% used [0x00000000e1600000,0x00000000e1600000,0x00000000e23e0000)
  from space 64K, 100% used [0x00000000e2420000,0x00000000e2430000,0x00000000e2430000)
  to   space 3392K, 0% used [0x00000000e2730000,0x00000000e2730000,0x00000000e2a80000)
 ParOldGen       total 62720K, used 9872K [0x00000000a4200000, 0x00000000a7f40000, 0x00000000e1600000)
  object space 62720K, 15% used [0x00000000a4200000,0x00000000a4ba43b8,0x00000000a7f40000)
 PSPermGen       total 22976K, used 22920K [0x0000000099c00000, 0x000000009b270000, 0x00000000a4200000)
  object space 22976K, 99% used [0x0000000099c00000,0x000000009b262280,0x000000009b270000)
}
Event: 119.148 GC heap before
{Heap before GC invocations=30 (full 0):
 PSYoungGen      total 14272K, used 14272K [0x00000000e1600000, 0x00000000e2a80000, 0x0000000100000000)
  eden space 14208K, 100% used [0x00000000e1600000,0x00000000e23e0000,0x00000000e23e0000)
  from space 64K, 100% used [0x00000000e2420000,0x00000000e2430000,0x00000000e2430000)
  to   space 3392K, 0% used [0x00000000e2730000,0x00000000e2730000,0x00000000e2a80000)
 ParOldGen       total 62720K, used 9872K [0x00000000a4200000, 0x00000000a7f40000, 0x00000000e1600000)
  object space 62720K, 15% used [0x00000000a4200000,0x00000000a4ba43b8,0x00000000a7f40000)
 PSPermGen       total 22976K, used 22920K [0x0000000099c00000, 0x000000009b270000, 0x00000000a4200000)
  object space 22976K, 99% used [0x0000000099c00000,0x000000009b262280,0x000000009b270000)
Event: 119.148 GC heap after
Heap after GC invocations=30 (full 0):
 PSYoungGen      total 16704K, used 64K [0x00000000e1600000, 0x00000000e29e0000, 0x0000000100000000)
  eden space 13952K, 0% used [0x00000000e1600000,0x00000000e1600000,0x00000000e23a0000)
  from space 2752K, 2% used [0x00000000e2730000,0x00000000e2740000,0x00000000e29e0000)
  to   space 3200K, 0% used [0x00000000e23a0000,0x00000000e23a0000,0x00000000e26c0000)
 ParOldGen       total 62720K, used 9872K [0x00000000a4200000, 0x00000000a7f40000, 0x00000000e1600000)
  object space 62720K, 15% used [0x00000000a4200000,0x00000000a4ba43b8,0x00000000a7f40000)
 PSPermGen       total 22976K, used 22920K [0x0000000099c00000, 0x000000009b270000, 0x00000000a4200000)
  object space 22976K, 99% used [0x0000000099c00000,0x000000009b262280,0x000000009b270000)
}
Event: 122.820 GC heap before
{Heap before GC invocations=31 (full 0):
 PSYoungGen      total 16704K, used 14016K [0x00000000e1600000, 0x00000000e29e0000, 0x0000000100000000)
  eden space 13952K, 100% used [0x00000000e1600000,0x00000000e23a0000,0x00000000e23a0000)
  from space 2752K, 2% used [0x00000000e2730000,0x00000000e2740000,0x00000000e29e0000)
  to   space 3200K, 0% used [0x00000000e23a0000,0x00000000e23a0000,0x00000000e26c0000)
 ParOldGen       total 62720K, used 9872K [0x00000000a4200000, 0x00000000a7f40000, 0x00000000e1600000)
  object space 62720K, 15% used [0x00000000a4200000,0x00000000a4ba43b8,0x00000000a7f40000)
 PSPermGen       total 22976K, used 22920K [0x0000000099c00000, 0x000000009b270000, 0x00000000a4200000)
  object space 22976K, 99% used [0x0000000099c00000,0x000000009b262280,0x000000009b270000)
Event: 122.821 GC heap after
Heap after GC invocations=31 (full 0):
 PSYoungGen      total 13760K, used 32K [0x00000000e1600000, 0x00000000e2920000, 0x0000000100000000)
  eden space 13696K, 0% used [0x00000000e1600000,0x00000000e1600000,0x00000000e2360000)
  from space 64K, 50% used [0x00000000e23a0000,0x00000000e23a8000,0x00000000e23b0000)
  to   space 2944K, 0% used [0x00000000e2640000,0x00000000e2640000,0x00000000e2920000)
 ParOldGen       total 62720K, used 9872K [0x00000000a4200000, 0x00000000a7f40000, 0x00000000e1600000)
  object space 62720K, 15% used [0x00000000a4200000,0x00000000a4ba43b8,0x00000000a7f40000)
 PSPermGen       total 22976K, used 22920K [0x0000000099c00000, 0x000000009b270000, 0x00000000a4200000)
  object space 22976K, 99% used [0x0000000099c00000,0x000000009b262280,0x000000009b270000)
}
Event: 126.152 GC heap before
{Heap before GC invocations=32 (full 0):
 PSYoungGen      total 13760K, used 13728K [0x00000000e1600000, 0x00000000e2920000, 0x0000000100000000)
  eden space 13696K, 100% used [0x00000000e1600000,0x00000000e2360000,0x00000000e2360000)
  from space 64K, 50% used [0x00000000e23a0000,0x00000000e23a8000,0x00000000e23b0000)
  to   space 2944K, 0% used [0x00000000e2640000,0x00000000e2640000,0x00000000e2920000)
 ParOldGen       total 62720K, used 9872K [0x00000000a4200000, 0x00000000a7f40000, 0x00000000e1600000)
  object space 62720K, 15% used [0x00000000a4200000,0x00000000a4ba43b8,0x00000000a7f40000)
 PSPermGen       total 22976K, used 22920K [0x0000000099c00000, 0x000000009b270000, 0x00000000a4200000)
  object space 22976K, 99% used [0x0000000099c00000,0x000000009b262280,0x000000009b270000)
Event: 126.153 GC heap after
Heap after GC invocations=32 (full 0):
 PSYoungGen      total 15872K, used 96K [0x00000000e1600000, 0x00000000e2890000, 0x0000000100000000)
  eden space 13504K, 0% used [0x00000000e1600000,0x00000000e1600000,0x00000000e2330000)
  from space 2368K, 4% used [0x00000000e2640000,0x00000000e2658000,0x00000000e2890000)
  to   space 2752K, 0% used [0x00000000e2330000,0x00000000e2330000,0x00000000e25e0000)
 ParOldGen       total 62720K, used 9872K [0x00000000a4200000, 0x00000000a7f40000, 0x00000000e1600000)
  object space 62720K, 15% used [0x00000000a4200000,0x00000000a4ba43b8,0x00000000a7f40000)
 PSPermGen       total 22976K, used 22920K [0x0000000099c00000, 0x000000009b270000, 0x00000000a4200000)
  object space 22976K, 99% used [0x0000000099c00000,0x000000009b262280,0x000000009b270000)
}
Event: 129.654 GC heap before
{Heap before GC invocations=33 (full 0):
 PSYoungGen      total 15872K, used 13600K [0x00000000e1600000, 0x00000000e2890000, 0x0000000100000000)
  eden space 13504K, 100% used [0x00000000e1600000,0x00000000e2330000,0x00000000e2330000)
  from space 2368K, 4% used [0x00000000e2640000,0x00000000e2658000,0x00000000e2890000)
  to   space 2752K, 0% used [0x00000000e2330000,0x00000000e2330000,0x00000000e25e0000)
 ParOldGen       total 62720K, used 9872K [0x00000000a4200000, 0x00000000a7f40000, 0x00000000e1600000)
  object space 62720K, 15% used [0x00000000a4200000,0x00000000a4ba43b8,0x00000000a7f40000)
 PSPermGen       total 22976K, used 22920K [0x0000000099c00000, 0x000000009b270000, 0x00000000a4200000)
  object space 22976K, 99% used [0x0000000099c00000,0x000000009b262280,0x000000009b270000)
Event: 129.655 GC heap after
Heap after GC invocations=33 (full 0):
 PSYoungGen      total 13440K, used 96K [0x00000000e1600000, 0x00000000e2800000, 0x0000000100000000)
  eden space 13312K, 0% used [0x00000000e1600000,0x00000000e1600000,0x00000000e2300000)
  from space 128K, 75% used [0x00000000e2330000,0x00000000e2348000,0x00000000e2350000)
  to   space 2560K, 0% used [0x00000000e2580000,0x00000000e2580000,0x00000000e2800000)
 ParOldGen       total 62720K, used 9872K [0x00000000a4200000, 0x00000000a7f40000, 0x00000000e1600000)
  object space 62720K, 15% used [0x00000000a4200000,0x00000000a4ba43b8,0x00000000a7f40000)
 PSPermGen       total 22976K, used 22920K [0x0000000099c00000, 0x000000009b270000, 0x00000000a4200000)
  object space 22976K, 99% used [0x0000000099c00000,0x000000009b262280,0x000000009b270000)
}

